<?xml version="1.0" encoding="UTF-8"?>
<!-- Generated by org.testng.reporters.JUnitReportReporter -->
<testsuite skipped="0" hostname="DESKTOP-K2A62FH" name="com.opencart.testCases.TC001_LoginTest_DataDriven" tests="4" failures="0" timestamp="05 May 2022 14:37:46 GMT" time="26.699" errors="0">
  <testcase name="dataloginTest" time="6.490" classname="com.opencart.testCases.TC001_LoginTest_DataDriven"/>
  <testcase name="dataloginTest" time="6.424" classname="com.opencart.testCases.TC001_LoginTest_DataDriven"/>
  <testcase name="dataloginTest" time="6.860" classname="com.opencart.testCases.TC001_LoginTest_DataDriven"/>
  <testcase name="dataloginTest" time="6.925" classname="com.opencart.testCases.TC001_LoginTest_DataDriven"/>
</testsuite> <!-- com.opencart.testCases.TC001_LoginTest_DataDriven -->
