<?xml version="1.0" encoding="UTF-8"?>
<!-- Generated by org.testng.reporters.JUnitReportReporter -->
<testsuite skipped="0" hostname="DESKTOP-K2A62FH" name="com.opencart.testCases.TC001_LoginTest_DataDriven" tests="4" failures="0" timestamp="06 May 2022 01:55:13 GMT" time="25.985" errors="0">
  <testcase name="dataloginTest" time="6.568" classname="com.opencart.testCases.TC001_LoginTest_DataDriven"/>
  <testcase name="dataloginTest" time="6.751" classname="com.opencart.testCases.TC001_LoginTest_DataDriven"/>
  <testcase name="dataloginTest" time="6.320" classname="com.opencart.testCases.TC001_LoginTest_DataDriven"/>
  <testcase name="dataloginTest" time="6.346" classname="com.opencart.testCases.TC001_LoginTest_DataDriven"/>
</testsuite> <!-- com.opencart.testCases.TC001_LoginTest_DataDriven -->
