<?xml version="1.0" encoding="UTF-8"?>
<!-- Generated by org.testng.reporters.JUnitReportReporter -->
<testsuite skipped="0" hostname="DESKTOP-K2A62FH" name="com.opencart.testCases.TC001_LoginTest_001" tests="1" failures="0" timestamp="05 May 2022 15:13:23 GMT" time="6.677" errors="0">
  <testcase name="loginTest" time="6.677" classname="com.opencart.testCases.TC001_LoginTest_001"/>
</testsuite> <!-- com.opencart.testCases.TC001_LoginTest_001 -->
