<?xml version="1.0" encoding="UTF-8"?>
<!-- Generated by org.testng.reporters.JUnitReportReporter -->
<testsuite skipped="0" hostname="DESKTOP-K2A62FH" name="com.opencart.testCases.TC001_LoginTest_001" tests="1" failures="0" timestamp="06 May 2022 01:55:13 GMT" time="6.954" errors="0">
  <testcase name="loginTest" time="6.954" classname="com.opencart.testCases.TC001_LoginTest_001"/>
</testsuite> <!-- com.opencart.testCases.TC001_LoginTest_001 -->
