<?xml version="1.0" encoding="UTF-8"?>
<!-- Generated by org.testng.reporters.JUnitReportReporter -->
<testsuite skipped="0" hostname="DESKTOP-K2A62FH" name="com.opencart.testCases.TC001_RegisterUser" tests="1" failures="0" timestamp="06 May 2022 00:45:13 GMT" time="11.801" errors="0">
  <testcase name="loginTest" time="11.801" classname="com.opencart.testCases.TC001_RegisterUser"/>
</testsuite> <!-- com.opencart.testCases.TC001_RegisterUser -->
