<?xml version="1.0" encoding="UTF-8"?>
<!-- Generated by org.testng.reporters.JUnitReportReporter -->
<testsuite skipped="0" hostname="DESKTOP-K2A62FH" name="com.opencart.testCases.TC001_LoginTest_DataDriven" tests="4" failures="0" timestamp="05 May 2022 23:40:33 GMT" time="26.216" errors="0">
  <testcase name="dataloginTest" time="6.408" classname="com.opencart.testCases.TC001_LoginTest_DataDriven"/>
  <testcase name="dataloginTest" time="6.506" classname="com.opencart.testCases.TC001_LoginTest_DataDriven"/>
  <testcase name="dataloginTest" time="6.763" classname="com.opencart.testCases.TC001_LoginTest_DataDriven"/>
  <testcase name="dataloginTest" time="6.539" classname="com.opencart.testCases.TC001_LoginTest_DataDriven"/>
</testsuite> <!-- com.opencart.testCases.TC001_LoginTest_DataDriven -->
