<?xml version="1.0" encoding="UTF-8"?>
<!-- Generated by org.testng.reporters.JUnitReportReporter -->
<testsuite skipped="0" hostname="DESKTOP-K2A62FH" name="com.opencart.testCases.TC001_RegisterUser" tests="1" failures="0" timestamp="05 May 2022 23:40:33 GMT" time="10.751" errors="0">
  <testcase name="loginTest" time="10.751" classname="com.opencart.testCases.TC001_RegisterUser"/>
</testsuite> <!-- com.opencart.testCases.TC001_RegisterUser -->
