<?xml version="1.0" encoding="UTF-8"?>
<!-- Generated by org.testng.reporters.JUnitReportReporter -->
<testsuite skipped="0" hostname="DESKTOP-K2A62FH" name="com.opencart.testCases.TC001_LoginTest_DataDriven" tests="4" failures="0" timestamp="06 May 2022 00:45:13 GMT" time="35.785" errors="0">
  <testcase name="dataloginTest" time="6.753" classname="com.opencart.testCases.TC001_LoginTest_DataDriven"/>
  <testcase name="dataloginTest" time="6.409" classname="com.opencart.testCases.TC001_LoginTest_DataDriven"/>
  <testcase name="dataloginTest" time="6.684" classname="com.opencart.testCases.TC001_LoginTest_DataDriven"/>
  <testcase name="dataloginTest" time="15.939" classname="com.opencart.testCases.TC001_LoginTest_DataDriven"/>
</testsuite> <!-- com.opencart.testCases.TC001_LoginTest_DataDriven -->
