<?xml version="1.0" encoding="UTF-8"?>
<!-- Generated by org.testng.reporters.JUnitReportReporter -->
<testsuite skipped="0" hostname="DESKTOP-K2A62FH" name="com.opencart.testCases.TC001_LoginTest_DataDriven" tests="4" failures="0" timestamp="07 May 2022 19:08:23 GMT" time="34.895" errors="0">
  <testcase name="dataloginTest" time="8.895" classname="com.opencart.testCases.TC001_LoginTest_DataDriven"/>
  <testcase name="dataloginTest" time="8.663" classname="com.opencart.testCases.TC001_LoginTest_DataDriven"/>
  <testcase name="dataloginTest" time="8.778" classname="com.opencart.testCases.TC001_LoginTest_DataDriven"/>
  <testcase name="dataloginTest" time="8.559" classname="com.opencart.testCases.TC001_LoginTest_DataDriven"/>
</testsuite> <!-- com.opencart.testCases.TC001_LoginTest_DataDriven -->
